[debug] [2023-03-26T17:19:55.211Z] ----------------------------------------------------------------------
[debug] [2023-03-26T17:19:55.212Z] Command:       /usr/local/bin/node /usr/local/bin/firebase deploy
[debug] [2023-03-26T17:19:55.213Z] CLI Version:   11.25.1
[debug] [2023-03-26T17:19:55.213Z] Platform:      darwin
[debug] [2023-03-26T17:19:55.213Z] Node Version:  v16.17.1
[debug] [2023-03-26T17:19:55.216Z] Time:          Sun Mar 26 2023 19:19:55 GMT+0200 (Central European Summer Time)
[debug] [2023-03-26T17:19:55.216Z] ----------------------------------------------------------------------
[debug] 
[debug] [2023-03-26T17:19:55.248Z] Field ".hosting" in "firebase.json" is possibly invalid: should be object
[debug] [2023-03-26T17:19:55.248Z] Object ".hosting[0]" in "firebase.json" is missing required property: {"missingProperty":"target"}
[debug] [2023-03-26T17:19:55.248Z] Object ".hosting[0]" in "firebase.json" is missing required property: {"missingProperty":"site"}
[debug] [2023-03-26T17:19:55.248Z] Field ".hosting[0]" in "firebase.json" is possibly invalid: should match some schema in anyOf
[debug] [2023-03-26T17:19:55.248Z] Field ".hosting" in "firebase.json" is possibly invalid: should match some schema in anyOf
[debug] [2023-03-26T17:19:55.250Z] > command requires scopes: ["email","openid","https://www.googleapis.com/auth/cloudplatformprojects.readonly","https://www.googleapis.com/auth/firebase","https://www.googleapis.com/auth/cloud-platform"]
[debug] [2023-03-26T17:19:55.250Z] > authorizing via signed-in user (grewal.armann15@gmail.com)
[debug] [2023-03-26T17:19:55.250Z] [iam] checking project pizzeria-grewal for permissions ["firebase.projects.get","firebasehosting.sites.update"]
[debug] [2023-03-26T17:19:55.251Z] >>> [apiv2][query] POST https://cloudresourcemanager.googleapis.com/v1/projects/pizzeria-grewal:testIamPermissions [none]
[debug] [2023-03-26T17:19:55.251Z] >>> [apiv2][(partial)header] POST https://cloudresourcemanager.googleapis.com/v1/projects/pizzeria-grewal:testIamPermissions x-goog-quota-user=projects/pizzeria-grewal
[debug] [2023-03-26T17:19:55.251Z] >>> [apiv2][body] POST https://cloudresourcemanager.googleapis.com/v1/projects/pizzeria-grewal:testIamPermissions {"permissions":["firebase.projects.get","firebasehosting.sites.update"]}
[debug] [2023-03-26T17:19:55.502Z] <<< [apiv2][status] POST https://cloudresourcemanager.googleapis.com/v1/projects/pizzeria-grewal:testIamPermissions 200
[debug] [2023-03-26T17:19:55.503Z] <<< [apiv2][body] POST https://cloudresourcemanager.googleapis.com/v1/projects/pizzeria-grewal:testIamPermissions {"permissions":["firebase.projects.get","firebasehosting.sites.update"]}
[debug] [2023-03-26T17:19:55.503Z] >>> [apiv2][query] GET https://firebase.googleapis.com/v1beta1/projects/pizzeria-grewal [none]
[debug] [2023-03-26T17:19:55.793Z] <<< [apiv2][status] GET https://firebase.googleapis.com/v1beta1/projects/pizzeria-grewal 200
[debug] [2023-03-26T17:19:55.793Z] <<< [apiv2][body] GET https://firebase.googleapis.com/v1beta1/projects/pizzeria-grewal {"projectId":"pizzeria-grewal","projectNumber":"148409930956","displayName":"Pizzeria Grewal","name":"projects/pizzeria-grewal","resources":{"hostingSite":"pizzeria-grewal"},"state":"ACTIVE","etag":"1_38e5877c-d7cd-4660-a738-bcd5396b1414"}
[info] 
[info] === Deploying to 'pizzeria-grewal'...
[info] 
[info] i  deploying hosting 
[error] 
[error] Error: Assertion failed: resolving hosting target of a site with no site name or target name. This should have caused an error earlier
